xrun: 23.09-s012: (c) Copyright 1995-2024 Cadence Design Systems, Inc.
TOOL:	xrun	23.09-s012: Started on Mar 27, 2026 at 15:18:29 EDT
/opt/eda/cadence/XCELIUM2309/tools/xcelium/bin/xrun
	-f xrun.f
		-incdir ../tb
		-incdir ../tb/env
		-incdir ../tb/env/axi_agent
		-incdir ../tb/sequences
		-incdir ../tb/tests
		../rtl/axi4lite_if.sv
		../rtl/timer_core.sv
		../rtl/timer_regs.sv
		../rtl/top_timer.sv
		../tb/tb_pkg.sv
		../tb/top_tb.sv
	-uvm
	-top top_tb
	+UVM_TESTNAME=test_basic
	+UVM_VERBOSITY=UVM_MEDIUM

   User defined plus("+") options:
	+UVM_VERBOSITY=UVM_MEDIUM

Recompiling... reason: file '../rtl/top_timer.sv' is newer than expected.
	expected: Fri Mar 27 14:49:31 2026
	actual:   Fri Mar 27 15:18:12 2026
Compiling UVM packages (uvm_pkg.sv cdns_uvm_pkg.sv) using uvmhome location /opt/eda/cadence/XCELIUM2309/tools/methodology/UVM/CDNS-1.1d
file: ../rtl/top_timer.sv
	module worklib.top_timer:sv
		errors: 0, warnings: 0
file: ../tb/tb_pkg.sv
    `uvm_object_utils_end;
                         |
xmvlog: *W,UEXPSC (../tb/./env/axi_agent/axi_seq_item.sv,13|25): Ignored unexpected semicolon following SystemVerilog description keyword (endfunction).
file: ../tb/top_tb.sv
xmvlog: *W,SPDUSD: Include directory ../tb/env given but not used.
xmvlog: *W,SPDUSD: Include directory ../tb/env/axi_agent given but not used.
xmvlog: *W,SPDUSD: Include directory ../tb/sequences given but not used.
xmvlog: *W,SPDUSD: Include directory ../tb/tests given but not used.
	Total errors/warnings found outside modules and primitives:
		errors: 0, warnings: 4
	Elaborating the design hierarchy:
		Caching library 'worklib' ....... Done
	Top level design units:
		uvm_pkg
		cdns_uvmapi
		cdns_assert2uvm_pkg
		cdns_uvm_pkg
		tb_pkg
		top_tb
	Building instance overlay tables: .................... Done
	Generating native compiled code:
		worklib.top_timer:sv <0x0891caa0>
			streams:  23, words:  4176
	Building instance specific data structures.
	Loading native compiled code:     .................... Done
	Design hierarchy summary:
		                       Instances  Unique
		Modules:                       4       4
		Interfaces:                    1       1
		Verilog packages:              5       5
		Registers:                 13891   10231
		Scalar wires:                 29       -
		Vectored wires:               18       -
		Named events:                  4      12
		Always blocks:                 5       5
		Initial blocks:              287     157
		Parallel blocks:              26      27
		Cont. assignments:            11      19
		Pseudo assignments:           13       -
		Assertions:                    2       2
		Covergroup Instances:          0       3
		SV Class declarations:       199     313
		SV Class specializations:    384     384
		Process Clocks:                3       1
	Writing initial simulation snapshot: worklib.top_tb:sv
Loading snapshot worklib.top_tb:sv .................... Done
SVSEED default: 1
xcelium> source /opt/eda/cadence/XCELIUM2309/tools/xcelium/files/xmsimrc
xcelium> source /opt/eda/cadence/XCELIUM2309/tools/methodology/UVM/CDNS-1.1d/additions/sv/files/tcl/uvm_sim.tcl
xcelium> run
----------------------------------------------------------------
CDNS-UVM-1.1d (23.09-s012)
(C) 2007-2013 Mentor Graphics Corporation
(C) 2007-2013 Cadence Design Systems, Inc.
(C) 2006-2013 Synopsys, Inc.
(C) 2011-2013 Cypress Semiconductor Corp.
----------------------------------------------------------------

  ***********       IMPORTANT RELEASE NOTES         ************

  You are using a version of the UVM library that has been compiled
  with `UVM_NO_DEPRECATED undefined.
  See http://www.eda.org/svdb/view.php?id=3313 for more details.

  You are using a version of the UVM library that has been compiled
  with `UVM_OBJECT_MUST_HAVE_CONSTRUCTOR undefined.
  See http://www.eda.org/svdb/view.php?id=3770 for more details.

      (Specify +UVM_NO_RELNOTES to turn off this notice)

UVM_INFO @ 0: reporter [RNTST] Running test test_basic...
UVM_INFO ../tb/./env/axi_agent/axi_driver.sv(56) @ 50: uvm_test_top.env.agent.drv [AXI_DRV] WRITE: addr=0x0 data=0x1
UVM_INFO ../tb/./env/axi_agent/axi_monitor.sv(65) @ 55: uvm_test_top.env.agent.mon [AXI_MON] MON WRITE ADDR: 0x0
UVM_INFO ../tb/./env/axi_agent/axi_monitor.sv(80) @ 55: uvm_test_top.env.agent.mon [AXI_MON] MON WRITE DATA: 0x1
UVM_INFO ../tb/./env/axi_agent/axi_monitor.sv(98) @ 75: uvm_test_top.env.agent.mon [AXI_MON] MON WRITE COMPLETE: addr=0x0 data=0x1
UVM_INFO ../tb/./env/timer_scoreboard.sv(64) @ 75: uvm_test_top.env.sb [SB_WRITE] REFMODEL UPDATE: CTRL <= 0x1
UVM_INFO ../tb/./env/axi_agent/axi_driver.sv(86) @ 85: uvm_test_top.env.agent.drv [AXI_DRV] READ: addr=0x8
UVM_INFO ../tb/./env/axi_agent/axi_monitor.sv(115) @ 95: uvm_test_top.env.agent.mon [AXI_MON] MON READ ADDR: 0x8
UVM_INFO ../tb/./env/axi_agent/axi_monitor.sv(135) @ 105: uvm_test_top.env.agent.mon [AXI_MON] MON READ DATA: addr=0x8 data=0x3
UVM_ERROR ../tb/./env/timer_scoreboard.sv(92) @ 105: uvm_test_top.env.sb [SB_MATCH] READ MISMATCH @ COUNT: EXPECTED=0x0, GOT=0x3
UVM_INFO ../tb/./env/axi_agent/axi_driver.sv(105) @ 105: uvm_test_top.env.agent.drv [AXI_DRV] READ DATA: addr=0x8 data=0x3
UVM_INFO /opt/eda/cadence/XCELIUM2309/tools/methodology/UVM/CDNS-1.1d/sv/src/base/uvm_objection.svh(1268) @ 205: reporter [TEST_DONE] 'run' phase is ready to proceed to the 'extract' phase

--- UVM Report catcher Summary ---


Number of demoted UVM_FATAL reports  :    0
Number of demoted UVM_ERROR reports  :    0
Number of demoted UVM_WARNING reports:    0
Number of caught UVM_FATAL reports   :    0
Number of caught UVM_ERROR reports   :    0
Number of caught UVM_WARNING reports :    0

--- UVM Report Summary ---

** Report counts by severity
UVM_INFO :   11
UVM_WARNING :    0
UVM_ERROR :    1
UVM_FATAL :    0
** Report counts by id
[AXI_DRV]     3
[AXI_MON]     5
[RNTST]     1
[SB_MATCH]     1
[SB_WRITE]     1
[TEST_DONE]     1
Simulation complete via $finish(1) at time 205 NS + 48
/opt/eda/cadence/XCELIUM2309/tools/methodology/UVM/CDNS-1.1d/sv/src/base/uvm_root.svh:457     $finish;
xcelium> exit
TOOL:	xrun	23.09-s012: Exiting on Mar 27, 2026 at 15:18:33 EDT  (total: 00:00:04)
